2023-11-22T07:39:37.0592155+02:00 [INF] (Serilog.AspNetCore.RequestLoggingMiddleware) HTTP "GET" "/swagger/index.html" responded 200 in 146.0750 ms
2023-11-22T07:39:37.2109358+02:00 [INF] (Serilog.AspNetCore.RequestLoggingMiddleware) HTTP "GET" "/swagger/v1/swagger.json" responded 200 in 18.6279 ms
2023-11-22T07:39:37.2185141+02:00 [INF] (Serilog.AspNetCore.RequestLoggingMiddleware) HTTP "GET" "/swagger/favicon-32x32.png" responded 200 in 7.4959 ms
2023-11-22T09:45:48.4310862+02:00 [INF] (Serilog.AspNetCore.RequestLoggingMiddleware) HTTP "GET" "/swagger/index.html" responded 200 in 501.4404 ms
2023-11-22T09:45:49.2741644+02:00 [INF] (Serilog.AspNetCore.RequestLoggingMiddleware) HTTP "GET" "/swagger/v1/swagger.json" responded 200 in 87.7409 ms
2023-11-22T09:54:31.9373435+02:00 [INF] (Serilog.AspNetCore.RequestLoggingMiddleware) HTTP "GET" "/swagger/index.html" responded 200 in 154.5036 ms
2023-11-22T09:54:32.1934894+02:00 [INF] (Serilog.AspNetCore.RequestLoggingMiddleware) HTTP "GET" "/swagger/v1/swagger.json" responded 200 in 67.3989 ms
2023-11-22T09:55:03.7922639+02:00 [INF] (Serilog.AspNetCore.RequestLoggingMiddleware) HTTP "POST" "/api/authentcate/api/sign-in" responded 200 in 975.9863 ms
2023-11-22T10:01:28.3422175+02:00 [INF] (Serilog.AspNetCore.RequestLoggingMiddleware) HTTP "GET" "/swagger/index.html" responded 200 in 485.4329 ms
2023-11-22T10:01:28.5530072+02:00 [INF] (Serilog.AspNetCore.RequestLoggingMiddleware) HTTP "GET" "/swagger/v1/swagger.json" responded 200 in 85.4268 ms
2023-11-22T10:10:41.8364313+02:00 [INF] (Serilog.AspNetCore.RequestLoggingMiddleware) HTTP "GET" "/swagger/index.html" responded 200 in 135.2264 ms
2023-11-22T10:10:42.0349372+02:00 [INF] (Serilog.AspNetCore.RequestLoggingMiddleware) HTTP "GET" "/swagger/v1/swagger.json" responded 200 in 70.9751 ms
2023-11-22T10:14:08.7330276+02:00 [INF] (Serilog.AspNetCore.RequestLoggingMiddleware) HTTP "POST" "/api/advertise/api/create/car" responded 401 in 27.8711 ms
2023-11-22T10:14:21.5710744+02:00 [INF] (Serilog.AspNetCore.RequestLoggingMiddleware) HTTP "POST" "/api/authentcate/api/sign-in" responded 200 in 829.8144 ms
2023-11-22T10:14:37.5722955+02:00 [INF] (Serilog.AspNetCore.RequestLoggingMiddleware) HTTP "POST" "/api/advertise/api/create/car" responded 200 in 2663.7830 ms
2023-11-22T10:16:15.1556641+02:00 [INF] (Serilog.AspNetCore.RequestLoggingMiddleware) HTTP "GET" "/swagger/index.html" responded 200 in 153.5066 ms
2023-11-22T10:16:15.3935841+02:00 [INF] (Serilog.AspNetCore.RequestLoggingMiddleware) HTTP "GET" "/swagger/v1/swagger.json" responded 200 in 72.9224 ms
2023-11-22T10:16:48.2002334+02:00 [INF] (Serilog.AspNetCore.RequestLoggingMiddleware) HTTP "POST" "/api/advertise/api/create/car" responded 200 in 16035.4083 ms
2023-11-22T10:17:34.3527455+02:00 [INF] (Serilog.AspNetCore.RequestLoggingMiddleware) HTTP "POST" "/api/advertise/api/create/car" responded 200 in 3435.2976 ms
2023-11-22T10:18:57.5351973+02:00 [INF] (Serilog.AspNetCore.RequestLoggingMiddleware) HTTP "GET" "/swagger/index.html" responded 200 in 158.9484 ms
2023-11-22T10:18:57.7629079+02:00 [INF] (Serilog.AspNetCore.RequestLoggingMiddleware) HTTP "GET" "/swagger/v1/swagger.json" responded 200 in 81.7128 ms
2023-11-22T10:22:09.6551845+02:00 [INF] (Serilog.AspNetCore.RequestLoggingMiddleware) HTTP "POST" "/api/advertise/api/create/car" responded 200 in 28491.4646 ms
2023-11-22T10:22:48.7094014+02:00 [INF] (Serilog.AspNetCore.RequestLoggingMiddleware) HTTP "POST" "/api/advertise/api/create/car" responded 200 in 4372.0512 ms
2023-11-22T10:24:34.3813018+02:00 [INF] (Serilog.AspNetCore.RequestLoggingMiddleware) HTTP "GET" "/swagger/index.html" responded 200 in 140.0714 ms
2023-11-22T10:24:34.5736898+02:00 [INF] (Serilog.AspNetCore.RequestLoggingMiddleware) HTTP "GET" "/swagger/v1/swagger.json" responded 200 in 69.5713 ms
2023-11-22T10:24:51.3840270+02:00 [INF] (Serilog.AspNetCore.RequestLoggingMiddleware) HTTP "POST" "/api/advertise/api/create/car" responded 200 in 2709.9118 ms
2023-11-22T15:27:26.1048335+02:00 [INF] (Serilog.AspNetCore.RequestLoggingMiddleware) HTTP "GET" "/swagger" responded 301 in 391.7423 ms
2023-11-22T15:27:26.2815632+02:00 [INF] (Serilog.AspNetCore.RequestLoggingMiddleware) HTTP "GET" "/swagger/index.html" responded 200 in 86.1405 ms
2023-11-22T15:27:26.3149219+02:00 [INF] (Serilog.AspNetCore.RequestLoggingMiddleware) HTTP "GET" "/swagger/swagger-ui.css" responded 200 in 22.5860 ms
2023-11-22T15:27:26.3219896+02:00 [INF] (Serilog.AspNetCore.RequestLoggingMiddleware) HTTP "GET" "/Files/Swagger/swagger.css" responded 200 in 29.6799 ms
2023-11-22T15:27:26.3261536+02:00 [INF] (Serilog.AspNetCore.RequestLoggingMiddleware) HTTP "GET" "/swagger/swagger-ui-bundle.js" responded 200 in 30.7634 ms
2023-11-22T15:27:26.3261536+02:00 [INF] (Serilog.AspNetCore.RequestLoggingMiddleware) HTTP "GET" "/swagger/swagger-ui-standalone-preset.js" responded 200 in 4.4021 ms
2023-11-22T15:27:26.6590573+02:00 [INF] (Serilog.AspNetCore.RequestLoggingMiddleware) HTTP "GET" "/swagger/v1/swagger.json" responded 200 in 109.6495 ms
2023-11-22T15:30:05.5437283+02:00 [INF] (Serilog.AspNetCore.RequestLoggingMiddleware) HTTP "GET" "/swagger/index.html" responded 200 in 135.7154 ms
2023-11-22T15:30:05.8231528+02:00 [INF] (Serilog.AspNetCore.RequestLoggingMiddleware) HTTP "GET" "/swagger/v1/swagger.json" responded 200 in 79.6194 ms
2023-11-22T15:34:30.7393955+02:00 [INF] (Serilog.AspNetCore.RequestLoggingMiddleware) HTTP "GET" "/swagger/index.html" responded 200 in 566.0642 ms
2023-11-22T15:34:31.4543710+02:00 [INF] (Serilog.AspNetCore.RequestLoggingMiddleware) HTTP "GET" "/swagger/v1/swagger.json" responded 200 in 83.3334 ms
2023-11-22T15:35:09.8114545+02:00 [INF] (Serilog.AspNetCore.RequestLoggingMiddleware) HTTP "POST" "/api/advertise/api/create/car" responded 200 in 35408.6498 ms
2023-11-22T15:36:31.6754782+02:00 [INF] (Serilog.AspNetCore.RequestLoggingMiddleware) HTTP "POST" "/api/advertise/api/create/mobile" responded 401 in 18.6054 ms
2023-11-22T15:37:04.1112569+02:00 [INF] (Serilog.AspNetCore.RequestLoggingMiddleware) HTTP "POST" "/api/authentcate/api/sign-in" responded 200 in 502.2651 ms
2023-11-22T15:37:46.8116213+02:00 [INF] (Serilog.AspNetCore.RequestLoggingMiddleware) HTTP "POST" "/api/advertise/api/create/mobile" responded 200 in 82.5676 ms
2023-11-22T15:53:33.1434333+02:00 [INF] (Serilog.AspNetCore.RequestLoggingMiddleware) HTTP "GET" "/swagger/index.html" responded 200 in 138.9631 ms
2023-11-22T15:53:33.3408999+02:00 [INF] (Serilog.AspNetCore.RequestLoggingMiddleware) HTTP "GET" "/swagger/v1/swagger.json" responded 200 in 77.7116 ms
2023-11-22T15:54:11.8651734+02:00 [INF] (Serilog.AspNetCore.RequestLoggingMiddleware) HTTP "GET" "/api/advertise/api/getAll" responded 200 in 22328.3935 ms
2023-11-22T15:55:05.8606080+02:00 [INF] (Serilog.AspNetCore.RequestLoggingMiddleware) HTTP "POST" "/api/advertise/api/create/car" responded 200 in 2212.5153 ms
2023-11-22T15:55:17.9627106+02:00 [INF] (Serilog.AspNetCore.RequestLoggingMiddleware) HTTP "POST" "/api/advertise/api/create/mobile" responded 200 in 50.2997 ms
2023-11-22T15:55:53.6459258+02:00 [INF] (Serilog.AspNetCore.RequestLoggingMiddleware) HTTP "POST" "/api/advertise/api/create/car" responded 200 in 5465.8330 ms
2023-11-22T15:55:57.8717179+02:00 [INF] (Serilog.AspNetCore.RequestLoggingMiddleware) HTTP "POST" "/api/advertise/api/create/mobile" responded 200 in 25.1769 ms
2023-11-22T15:57:26.2928387+02:00 [INF] (Serilog.AspNetCore.RequestLoggingMiddleware) HTTP "GET" "/swagger/index.html" responded 200 in 135.1098 ms
2023-11-22T15:57:26.4930524+02:00 [INF] (Serilog.AspNetCore.RequestLoggingMiddleware) HTTP "GET" "/swagger/v1/swagger.json" responded 200 in 96.8089 ms
2023-11-22T16:05:51.7325891+02:00 [INF] (Serilog.AspNetCore.RequestLoggingMiddleware) HTTP "GET" "/swagger/index.html" responded 200 in 142.7417 ms
2023-11-22T16:05:51.9345110+02:00 [INF] (Serilog.AspNetCore.RequestLoggingMiddleware) HTTP "GET" "/swagger/v1/swagger.json" responded 200 in 95.9699 ms
2023-11-22T16:06:19.1746784+02:00 [INF] (Serilog.AspNetCore.RequestLoggingMiddleware) HTTP "GET" "/api/advertise/api/getAll" responded 200 in 7098.3270 ms
2023-11-22T16:09:05.1797846+02:00 [INF] (Serilog.AspNetCore.RequestLoggingMiddleware) HTTP "GET" "/swagger/index.html" responded 200 in 129.8336 ms
2023-11-22T16:09:05.3951876+02:00 [INF] (Serilog.AspNetCore.RequestLoggingMiddleware) HTTP "GET" "/swagger/v1/swagger.json" responded 200 in 82.7759 ms
2023-11-22T16:10:09.3162303+02:00 [INF] (Serilog.AspNetCore.RequestLoggingMiddleware) HTTP "GET" "/swagger/index.html" responded 200 in 132.2262 ms
2023-11-22T16:10:09.4947980+02:00 [INF] (Serilog.AspNetCore.RequestLoggingMiddleware) HTTP "GET" "/swagger/v1/swagger.json" responded 200 in 76.2853 ms
2023-11-22T16:12:34.9833101+02:00 [INF] (Serilog.AspNetCore.RequestLoggingMiddleware) HTTP "GET" "/swagger/index.html" responded 200 in 146.6748 ms
2023-11-22T16:12:35.1775648+02:00 [INF] (Serilog.AspNetCore.RequestLoggingMiddleware) HTTP "GET" "/swagger/v1/swagger.json" responded 200 in 79.2751 ms
2023-11-22T16:24:45.5359289+02:00 [INF] (Serilog.AspNetCore.RequestLoggingMiddleware) HTTP "GET" "/swagger/index.html" responded 200 in 150.0621 ms
2023-11-22T16:24:45.8191525+02:00 [INF] (Serilog.AspNetCore.RequestLoggingMiddleware) HTTP "GET" "/swagger/v1/swagger.json" responded 200 in 148.7296 ms
2023-11-22T16:24:53.9211490+02:00 [INF] (Serilog.AspNetCore.RequestLoggingMiddleware) HTTP "GET" "/api/advertise/api/getAll" responded 200 in 4678.6786 ms
2023-11-22T16:25:10.1516220+02:00 [INF] (Serilog.AspNetCore.RequestLoggingMiddleware) HTTP "GET" "/api/advertise/api/getAll" responded 200 in 9904.5487 ms
2023-11-22T16:25:47.4107761+02:00 [INF] (Serilog.AspNetCore.RequestLoggingMiddleware) HTTP "GET" "/swagger/index.html" responded 200 in 139.3482 ms
2023-11-22T16:25:47.5897489+02:00 [INF] (Serilog.AspNetCore.RequestLoggingMiddleware) HTTP "GET" "/swagger/v1/swagger.json" responded 200 in 75.3388 ms
2023-11-22T16:28:31.8637253+02:00 [INF] (Serilog.AspNetCore.RequestLoggingMiddleware) HTTP "GET" "/swagger/index.html" responded 200 in 141.3662 ms
2023-11-22T16:28:32.0519293+02:00 [INF] (Serilog.AspNetCore.RequestLoggingMiddleware) HTTP "GET" "/swagger/v1/swagger.json" responded 200 in 77.3329 ms
2023-11-22T16:34:37.6802273+02:00 [INF] (Serilog.AspNetCore.RequestLoggingMiddleware) HTTP "GET" "/swagger/index.html" responded 200 in 153.4052 ms
2023-11-22T16:34:37.8885228+02:00 [INF] (Serilog.AspNetCore.RequestLoggingMiddleware) HTTP "GET" "/swagger/v1/swagger.json" responded 200 in 83.1932 ms
2023-11-22T16:34:45.1541420+02:00 [INF] (Serilog.AspNetCore.RequestLoggingMiddleware) HTTP "GET" "/api/advertise/api/getAll" responded 200 in 6629.5396 ms
2023-11-22T16:35:14.2709485+02:00 [INF] (Serilog.AspNetCore.RequestLoggingMiddleware) HTTP "GET" "/swagger/index.html" responded 200 in 3477.1740 ms
2023-11-22T16:35:15.5491321+02:00 [INF] (Serilog.AspNetCore.RequestLoggingMiddleware) HTTP "GET" "/swagger/v1/swagger.json" responded 200 in 107.8751 ms
2023-11-22T16:40:42.9182046+02:00 [INF] (Serilog.AspNetCore.RequestLoggingMiddleware) HTTP "GET" "/swagger/index.html" responded 200 in 221.2319 ms
2023-11-22T16:40:46.6491010+02:00 [INF] (Serilog.AspNetCore.RequestLoggingMiddleware) HTTP "GET" "/swagger/v1/swagger.json" responded 200 in 1638.7923 ms
2023-11-22T17:03:42.4580895+02:00 [INF] (Serilog.AspNetCore.RequestLoggingMiddleware) HTTP "GET" "/swagger/index.html" responded 200 in 184.8649 ms
2023-11-22T17:03:42.6536174+02:00 [INF] (Serilog.AspNetCore.RequestLoggingMiddleware) HTTP "GET" "/swagger/v1/swagger.json" responded 200 in 83.4759 ms
2023-11-22T17:04:30.5511306+02:00 [INF] (Serilog.AspNetCore.RequestLoggingMiddleware) HTTP "GET" "/swagger/index.html" responded 200 in 135.3258 ms
2023-11-22T17:04:30.7734225+02:00 [INF] (Serilog.AspNetCore.RequestLoggingMiddleware) HTTP "GET" "/swagger/v1/swagger.json" responded 200 in 90.4128 ms
2023-11-22T17:40:40.3999003+02:00 [INF] (Serilog.AspNetCore.RequestLoggingMiddleware) HTTP "GET" "/swagger/index.html" responded 200 in 518.7449 ms
2023-11-22T17:40:40.7008804+02:00 [INF] (Serilog.AspNetCore.RequestLoggingMiddleware) HTTP "GET" "/swagger/v1/swagger.json" responded 200 in 174.6880 ms
2023-11-22T17:54:09.7822355+02:00 [INF] (Serilog.AspNetCore.RequestLoggingMiddleware) HTTP "GET" "/swagger/index.html" responded 200 in 187.8158 ms
2023-11-22T17:54:10.0139457+02:00 [INF] (Serilog.AspNetCore.RequestLoggingMiddleware) HTTP "GET" "/swagger/v1/swagger.json" responded 200 in 93.2460 ms
2023-11-22T17:54:21.2605712+02:00 [INF] (Serilog.AspNetCore.RequestLoggingMiddleware) HTTP "GET" "/api/advertise/api/getAll" responded 200 in 10827.3903 ms
2023-11-22T18:09:52.9872177+02:00 [INF] (Serilog.AspNetCore.RequestLoggingMiddleware) HTTP "GET" "/swagger/index.html" responded 200 in 153.9964 ms
2023-11-22T18:09:53.1787593+02:00 [INF] (Serilog.AspNetCore.RequestLoggingMiddleware) HTTP "GET" "/swagger/v1/swagger.json" responded 200 in 72.1482 ms
2023-11-22T18:09:59.8975486+02:00 [INF] (Serilog.AspNetCore.RequestLoggingMiddleware) HTTP "GET" "/api/advertise/api/getAll" responded 200 in 6184.9560 ms
2023-11-22T18:12:07.0341909+02:00 [INF] (Serilog.AspNetCore.RequestLoggingMiddleware) HTTP "GET" "/swagger/index.html" responded 200 in 2099.1327 ms
2023-11-22T18:12:08.1036567+02:00 [INF] (Serilog.AspNetCore.RequestLoggingMiddleware) HTTP "GET" "/swagger/v1/swagger.json" responded 200 in 77.0948 ms
2023-11-22T18:12:08.3895482+02:00 [INF] (Serilog.AspNetCore.RequestLoggingMiddleware) HTTP "GET" "/api/advertise/api/getAll" responded 200 in 3650.5978 ms
